[error] Failed to fetch Firebase Project from Studio Workspace because WORKSPACE_SLUG environment variable is empty
[error] Failed to fetch Firebase Project from Studio Workspace because WORKSPACE_SLUG environment variable is empty
[error] Failed to fetch Firebase Project from Studio Workspace because WORKSPACE_SLUG environment variable is empty
[error] Failed to fetch Firebase Project from Studio Workspace because WORKSPACE_SLUG environment variable is empty
[debug] [2026-02-09T00:13:44.336Z] > command requires scopes: ["email","openid","https://www.googleapis.com/auth/cloudplatformprojects.readonly","https://www.googleapis.com/auth/firebase","https://www.googleapis.com/auth/cloud-platform","https://www.googleapis.com/auth/userinfo.email"]
[debug] [2026-02-09T00:13:44.340Z] > command requires scopes: ["email","openid","https://www.googleapis.com/auth/cloudplatformprojects.readonly","https://www.googleapis.com/auth/firebase","https://www.googleapis.com/auth/cloud-platform","https://www.googleapis.com/auth/userinfo.email"]
[debug] [2026-02-09T00:13:54.298Z] Running auto auth
[debug] [2026-02-09T00:13:54.300Z] Running auto auth
[debug] [2026-02-09T00:13:54.372Z] No OAuth tokens found
[debug] [2026-02-09T00:13:54.378Z] >>> [apiv2][query] GET https://cloudbilling.googleapis.com/v1/projects/mylen-24263782-5d205/billingInfo [none]
[debug] [2026-02-09T00:13:54.472Z] No OAuth tokens found
[debug] [2026-02-09T00:13:54.475Z] >>> [apiv2][query] GET https://cloudbilling.googleapis.com/v1/projects/mylen-24263782-5d205/billingInfo [none]
[debug] [2026-02-09T00:13:54.733Z] <<< [apiv2][status] GET https://cloudbilling.googleapis.com/v1/projects/mylen-24263782-5d205/billingInfo 200
[debug] [2026-02-09T00:13:54.734Z] <<< [apiv2][body] GET https://cloudbilling.googleapis.com/v1/projects/mylen-24263782-5d205/billingInfo {"name":"projects/mylen-24263782-5d205/billingInfo","projectId":"mylen-24263782-5d205","billingAccountName":"","billingEnabled":false}
[debug] [2026-02-09T00:13:54.746Z] No OAuth tokens found
[debug] [2026-02-09T00:13:54.751Z] No OAuth tokens found
[debug] [2026-02-09T00:13:54.753Z] No OAuth tokens found
[debug] [2026-02-09T00:13:54.778Z] No OAuth tokens found
[debug] [2026-02-09T00:13:54.779Z] No OAuth tokens found
[debug] [2026-02-09T00:13:54.780Z] >>> [apiv2][query] GET https://serviceusage.googleapis.com/v1/projects/mylen-24263782-5d205/services/firestore.googleapis.com [none]
[debug] [2026-02-09T00:13:54.780Z] >>> [apiv2][(partial)header] GET https://serviceusage.googleapis.com/v1/projects/mylen-24263782-5d205/services/firestore.googleapis.com  x-goog-user-project=mylen-24263782-5d205
[debug] [2026-02-09T00:13:54.783Z] >>> [apiv2][query] GET https://serviceusage.googleapis.com/v1/projects/mylen-24263782-5d205/services/firebasedataconnect.googleapis.com [none]
[debug] [2026-02-09T00:13:54.784Z] >>> [apiv2][(partial)header] GET https://serviceusage.googleapis.com/v1/projects/mylen-24263782-5d205/services/firebasedataconnect.googleapis.com  x-goog-user-project=mylen-24263782-5d205
[debug] [2026-02-09T00:13:54.787Z] >>> [apiv2][query] GET https://serviceusage.googleapis.com/v1/projects/mylen-24263782-5d205/services/cloudfunctions.googleapis.com [none]
[debug] [2026-02-09T00:13:54.787Z] >>> [apiv2][(partial)header] GET https://serviceusage.googleapis.com/v1/projects/mylen-24263782-5d205/services/cloudfunctions.googleapis.com  x-goog-user-project=mylen-24263782-5d205
[debug] [2026-02-09T00:13:54.790Z] >>> [apiv2][query] GET https://serviceusage.googleapis.com/v1/projects/mylen-24263782-5d205/services/firebaseapphosting.googleapis.com [none]
[debug] [2026-02-09T00:13:54.791Z] >>> [apiv2][(partial)header] GET https://serviceusage.googleapis.com/v1/projects/mylen-24263782-5d205/services/firebaseapphosting.googleapis.com  x-goog-user-project=mylen-24263782-5d205
[debug] [2026-02-09T00:13:54.793Z] >>> [apiv2][query] GET https://serviceusage.googleapis.com/v1/projects/mylen-24263782-5d205/services/firebaseio.com [none]
[debug] [2026-02-09T00:13:54.793Z] >>> [apiv2][(partial)header] GET https://serviceusage.googleapis.com/v1/projects/mylen-24263782-5d205/services/firebaseio.com  x-goog-user-project=mylen-24263782-5d205
[debug] [2026-02-09T00:13:55.501Z] <<< [apiv2][status] GET https://cloudbilling.googleapis.com/v1/projects/mylen-24263782-5d205/billingInfo 200
[debug] [2026-02-09T00:13:55.501Z] <<< [apiv2][body] GET https://cloudbilling.googleapis.com/v1/projects/mylen-24263782-5d205/billingInfo {"name":"projects/mylen-24263782-5d205/billingInfo","projectId":"mylen-24263782-5d205","billingAccountName":"","billingEnabled":false}
[debug] [2026-02-09T00:13:55.506Z] No OAuth tokens found
[debug] [2026-02-09T00:13:55.506Z] No OAuth tokens found
[debug] [2026-02-09T00:13:55.507Z] No OAuth tokens found
[debug] [2026-02-09T00:13:55.523Z] No OAuth tokens found
[debug] [2026-02-09T00:13:55.524Z] No OAuth tokens found
[debug] [2026-02-09T00:13:55.524Z] >>> [apiv2][query] GET https://serviceusage.googleapis.com/v1/projects/mylen-24263782-5d205/services/firestore.googleapis.com [none]
[debug] [2026-02-09T00:13:55.524Z] >>> [apiv2][(partial)header] GET https://serviceusage.googleapis.com/v1/projects/mylen-24263782-5d205/services/firestore.googleapis.com  x-goog-user-project=mylen-24263782-5d205
[debug] [2026-02-09T00:13:55.528Z] >>> [apiv2][query] GET https://serviceusage.googleapis.com/v1/projects/mylen-24263782-5d205/services/firebasedataconnect.googleapis.com [none]
[debug] [2026-02-09T00:13:55.528Z] >>> [apiv2][(partial)header] GET https://serviceusage.googleapis.com/v1/projects/mylen-24263782-5d205/services/firebasedataconnect.googleapis.com  x-goog-user-project=mylen-24263782-5d205
[debug] [2026-02-09T00:13:55.532Z] >>> [apiv2][query] GET https://serviceusage.googleapis.com/v1/projects/mylen-24263782-5d205/services/cloudfunctions.googleapis.com [none]
[debug] [2026-02-09T00:13:55.533Z] >>> [apiv2][(partial)header] GET https://serviceusage.googleapis.com/v1/projects/mylen-24263782-5d205/services/cloudfunctions.googleapis.com  x-goog-user-project=mylen-24263782-5d205
[debug] [2026-02-09T00:13:55.536Z] >>> [apiv2][query] GET https://serviceusage.googleapis.com/v1/projects/mylen-24263782-5d205/services/firebaseapphosting.googleapis.com [none]
[debug] [2026-02-09T00:13:55.536Z] >>> [apiv2][(partial)header] GET https://serviceusage.googleapis.com/v1/projects/mylen-24263782-5d205/services/firebaseapphosting.googleapis.com  x-goog-user-project=mylen-24263782-5d205
[debug] [2026-02-09T00:13:55.539Z] >>> [apiv2][query] GET https://serviceusage.googleapis.com/v1/projects/mylen-24263782-5d205/services/firebaseio.com [none]
[debug] [2026-02-09T00:13:55.539Z] >>> [apiv2][(partial)header] GET https://serviceusage.googleapis.com/v1/projects/mylen-24263782-5d205/services/firebaseio.com  x-goog-user-project=mylen-24263782-5d205
[debug] [2026-02-09T00:13:55.811Z] <<< [apiv2][status] GET https://serviceusage.googleapis.com/v1/projects/mylen-24263782-5d205/services/firebaseio.com 403
[debug] [2026-02-09T00:13:55.811Z] <<< [apiv2][body] GET https://serviceusage.googleapis.com/v1/projects/mylen-24263782-5d205/services/firebaseio.com [omitted]
[debug] [2026-02-09T00:13:55.853Z] <<< [apiv2][status] GET https://serviceusage.googleapis.com/v1/projects/mylen-24263782-5d205/services/firebasedataconnect.googleapis.com 200
[debug] [2026-02-09T00:13:55.854Z] <<< [apiv2][body] GET https://serviceusage.googleapis.com/v1/projects/mylen-24263782-5d205/services/firebasedataconnect.googleapis.com [omitted]
[debug] [2026-02-09T00:13:55.871Z] <<< [apiv2][status] GET https://serviceusage.googleapis.com/v1/projects/mylen-24263782-5d205/services/firestore.googleapis.com 200
[debug] [2026-02-09T00:13:55.871Z] <<< [apiv2][body] GET https://serviceusage.googleapis.com/v1/projects/mylen-24263782-5d205/services/firestore.googleapis.com [omitted]
[debug] [2026-02-09T00:13:55.893Z] <<< [apiv2][status] GET https://serviceusage.googleapis.com/v1/projects/mylen-24263782-5d205/services/cloudfunctions.googleapis.com 200
[debug] [2026-02-09T00:13:55.893Z] <<< [apiv2][body] GET https://serviceusage.googleapis.com/v1/projects/mylen-24263782-5d205/services/cloudfunctions.googleapis.com [omitted]
[debug] [2026-02-09T00:13:55.921Z] <<< [apiv2][status] GET https://serviceusage.googleapis.com/v1/projects/mylen-24263782-5d205/services/firebaseapphosting.googleapis.com 200
[debug] [2026-02-09T00:13:55.921Z] <<< [apiv2][body] GET https://serviceusage.googleapis.com/v1/projects/mylen-24263782-5d205/services/firebaseapphosting.googleapis.com [omitted]
[debug] [2026-02-09T00:13:56.581Z] <<< [apiv2][status] GET https://serviceusage.googleapis.com/v1/projects/mylen-24263782-5d205/services/cloudfunctions.googleapis.com 200
[debug] [2026-02-09T00:13:56.581Z] <<< [apiv2][body] GET https://serviceusage.googleapis.com/v1/projects/mylen-24263782-5d205/services/cloudfunctions.googleapis.com [omitted]
[debug] [2026-02-09T00:13:56.602Z] <<< [apiv2][status] GET https://serviceusage.googleapis.com/v1/projects/mylen-24263782-5d205/services/firebaseio.com 403
[debug] [2026-02-09T00:13:56.602Z] <<< [apiv2][body] GET https://serviceusage.googleapis.com/v1/projects/mylen-24263782-5d205/services/firebaseio.com [omitted]
[debug] [2026-02-09T00:13:56.624Z] <<< [apiv2][status] GET https://serviceusage.googleapis.com/v1/projects/mylen-24263782-5d205/services/firebasedataconnect.googleapis.com 200
[debug] [2026-02-09T00:13:56.624Z] <<< [apiv2][body] GET https://serviceusage.googleapis.com/v1/projects/mylen-24263782-5d205/services/firebasedataconnect.googleapis.com [omitted]
[debug] [2026-02-09T00:13:56.640Z] <<< [apiv2][status] GET https://serviceusage.googleapis.com/v1/projects/mylen-24263782-5d205/services/firebaseapphosting.googleapis.com 200
[debug] [2026-02-09T00:13:56.640Z] <<< [apiv2][body] GET https://serviceusage.googleapis.com/v1/projects/mylen-24263782-5d205/services/firebaseapphosting.googleapis.com [omitted]
[debug] [2026-02-09T00:13:56.695Z] <<< [apiv2][status] GET https://serviceusage.googleapis.com/v1/projects/mylen-24263782-5d205/services/firestore.googleapis.com 200
[debug] [2026-02-09T00:13:56.697Z] <<< [apiv2][body] GET https://serviceusage.googleapis.com/v1/projects/mylen-24263782-5d205/services/firestore.googleapis.com [omitted]
[error] Failed to fetch Firebase Project from Studio Workspace because WORKSPACE_SLUG environment variable is empty
[error] Failed to fetch Firebase Project from Studio Workspace because WORKSPACE_SLUG environment variable is empty
[error] Failed to fetch Firebase Project from Studio Workspace because WORKSPACE_SLUG environment variable is empty
[debug] [2026-02-09T00:13:56.707Z] > command requires scopes: ["email","openid","https://www.googleapis.com/auth/cloudplatformprojects.readonly","https://www.googleapis.com/auth/firebase","https://www.googleapis.com/auth/cloud-platform","https://www.googleapis.com/auth/userinfo.email"]
[debug] [2026-02-09T00:13:56.707Z] > authorizing via signed-in user (jeusjeahyun@gmail.com)
[debug] [2026-02-09T00:13:56.707Z] No OAuth tokens found
[debug] [2026-02-09T00:13:56.708Z] >>> [apiv2][query] GET https://cloudbilling.googleapis.com/v1/projects/mylen-24263782-5d205/billingInfo [none]
[debug] [2026-02-09T00:13:57.768Z] <<< [apiv2][status] GET https://cloudbilling.googleapis.com/v1/projects/mylen-24263782-5d205/billingInfo 200
[debug] [2026-02-09T00:13:57.768Z] <<< [apiv2][body] GET https://cloudbilling.googleapis.com/v1/projects/mylen-24263782-5d205/billingInfo {"name":"projects/mylen-24263782-5d205/billingInfo","projectId":"mylen-24263782-5d205","billingAccountName":"","billingEnabled":false}
[error] Failed to fetch Firebase Project from Studio Workspace because WORKSPACE_SLUG environment variable is empty
[debug] [2026-02-09T00:13:57.776Z] > command requires scopes: ["email","openid","https://www.googleapis.com/auth/cloudplatformprojects.readonly","https://www.googleapis.com/auth/firebase","https://www.googleapis.com/auth/cloud-platform","https://www.googleapis.com/auth/userinfo.email"]
[debug] [2026-02-09T00:13:57.780Z] > authorizing via signed-in user (jeusjeahyun@gmail.com)
[error] Failed to fetch Firebase Project from Studio Workspace because WORKSPACE_SLUG environment variable is empty
[error] Failed to fetch Firebase Project from Studio Workspace because WORKSPACE_SLUG environment variable is empty
[error] Failed to fetch Firebase Project from Studio Workspace because WORKSPACE_SLUG environment variable is empty
[debug] [2026-02-09T00:13:57.804Z] > command requires scopes: ["email","openid","https://www.googleapis.com/auth/cloudplatformprojects.readonly","https://www.googleapis.com/auth/firebase","https://www.googleapis.com/auth/cloud-platform","https://www.googleapis.com/auth/userinfo.email"]
[debug] [2026-02-09T00:13:57.805Z] > authorizing via signed-in user (jeusjeahyun@gmail.com)
[debug] [2026-02-09T00:13:57.805Z] No OAuth tokens found
[debug] [2026-02-09T00:13:57.806Z] >>> [apiv2][query] GET https://cloudbilling.googleapis.com/v1/projects/mylen-24263782-5d205/billingInfo [none]
[error] Failed to fetch Firebase Project from Studio Workspace because WORKSPACE_SLUG environment variable is empty
[error] Failed to fetch Firebase Project from Studio Workspace because WORKSPACE_SLUG environment variable is empty
[error] Failed to fetch Firebase Project from Studio Workspace because WORKSPACE_SLUG environment variable is empty
[debug] [2026-02-09T00:13:57.813Z] > command requires scopes: ["email","openid","https://www.googleapis.com/auth/cloudplatformprojects.readonly","https://www.googleapis.com/auth/firebase","https://www.googleapis.com/auth/cloud-platform","https://www.googleapis.com/auth/userinfo.email"]
[debug] [2026-02-09T00:13:57.813Z] > authorizing via signed-in user (jeusjeahyun@gmail.com)
[debug] [2026-02-09T00:13:57.814Z] No OAuth tokens found
[debug] [2026-02-09T00:13:57.814Z] >>> [apiv2][query] GET https://cloudbilling.googleapis.com/v1/projects/mylen-24263782-5d205/billingInfo [none]
[debug] [2026-02-09T00:13:58.834Z] <<< [apiv2][status] GET https://cloudbilling.googleapis.com/v1/projects/mylen-24263782-5d205/billingInfo 200
[debug] [2026-02-09T00:13:58.835Z] <<< [apiv2][body] GET https://cloudbilling.googleapis.com/v1/projects/mylen-24263782-5d205/billingInfo {"name":"projects/mylen-24263782-5d205/billingInfo","projectId":"mylen-24263782-5d205","billingAccountName":"","billingEnabled":false}
[error] Failed to fetch Firebase Project from Studio Workspace because WORKSPACE_SLUG environment variable is empty
[debug] [2026-02-09T00:13:58.838Z] > command requires scopes: ["email","openid","https://www.googleapis.com/auth/cloudplatformprojects.readonly","https://www.googleapis.com/auth/firebase","https://www.googleapis.com/auth/cloud-platform","https://www.googleapis.com/auth/userinfo.email"]
[debug] [2026-02-09T00:13:58.838Z] > authorizing via signed-in user (jeusjeahyun@gmail.com)
[debug] [2026-02-09T00:13:58.857Z] <<< [apiv2][status] GET https://cloudbilling.googleapis.com/v1/projects/mylen-24263782-5d205/billingInfo 200
[debug] [2026-02-09T00:13:58.857Z] <<< [apiv2][body] GET https://cloudbilling.googleapis.com/v1/projects/mylen-24263782-5d205/billingInfo {"name":"projects/mylen-24263782-5d205/billingInfo","projectId":"mylen-24263782-5d205","billingAccountName":"","billingEnabled":false}
[error] Failed to fetch Firebase Project from Studio Workspace because WORKSPACE_SLUG environment variable is empty
[debug] [2026-02-09T00:13:58.860Z] > command requires scopes: ["email","openid","https://www.googleapis.com/auth/cloudplatformprojects.readonly","https://www.googleapis.com/auth/firebase","https://www.googleapis.com/auth/cloud-platform","https://www.googleapis.com/auth/userinfo.email"]
[debug] [2026-02-09T00:13:58.860Z] > authorizing via signed-in user (jeusjeahyun@gmail.com)
